<?xml version="1.0" encoding="UTF-8" ?>
<testsuite tests="16" failures="0" name="com.pet.TestRunner" time="14.426" errors="0" skipped="0">
  <properties>
    <property name="java.runtime.name" value="Java(TM) SE Runtime Environment"/>
    <property name="java.vm.version" value="11.0.8+10-LTS"/>
    <property name="sun.boot.library.path" value="C:\Vodafone\Softwares\jdk-11.0.8_windows-x64_bin\jdk-11.0.8\bin"/>
    <property name="maven.multiModuleProjectDirectory" value="C:\SolutionWorkspace\PetTest"/>
    <property name="java.vm.vendor" value="Oracle Corporation"/>
    <property name="java.vendor.url" value="https://openjdk.java.net/"/>
    <property name="guice.disable.misplaced.annotation.check" value="true"/>
    <property name="path.separator" value=";"/>
    <property name="java.vm.name" value="Java HotSpot(TM) 64-Bit Server VM"/>
    <property name="sun.os.patch.level" value=""/>
    <property name="user.script" value=""/>
    <property name="user.country" value="US"/>
    <property name="sun.java.launcher" value="SUN_STANDARD"/>
    <property name="java.vm.specification.name" value="Java Virtual Machine Specification"/>
    <property name="user.dir" value="C:\SolutionWorkspace\PetTest"/>
    <property name="java.vm.compressedOopsMode" value="Zero based"/>
    <property name="java.runtime.version" value="11.0.8+10-LTS"/>
    <property name="java.awt.graphicsenv" value="sun.awt.Win32GraphicsEnvironment"/>
    <property name="os.arch" value="amd64"/>
    <property name="java.io.tmpdir" value="C:\Users\PAVITH~1.HAN\AppData\Local\Temp\"/>
    <property name="line.separator" value="
"/>
    <property name="java.vm.specification.vendor" value="Oracle Corporation"/>
    <property name="user.variant" value=""/>
    <property name="os.name" value="Windows 10"/>
    <property name="classworlds.conf" value="C:\Vodafone\Softwares\Apache-maven\apache-maven-3.6.3\bin\..\bin\m2.conf"/>
    <property name="sun.jnu.encoding" value="Cp1252"/>
    <property name="java.library.path" value="C:\Vodafone\Softwares\jdk-11.0.8_windows-x64_bin\jdk-11.0.8\bin;C:\windows\Sun\Java\bin;C:\windows\system32;C:\windows;C:\Program Files (x86)\Common Files\Oracle\Java\javapath;C:\windows\system32;C:\windows;C:\windows\System32\Wbem;C:\windows\System32\WindowsPowerShell\v1.0\;C:\windows\System32\OpenSSH\;C:\Program Files\Java\jdk1.8.0_251\bin;C:\Driver\chromedriver_win32;C:\Vodafone\Softwares\Apache-maven\apache-maven-3.6.3\bin;C:\Program Files (x86)\Symantec\VIP Access Client\;C:\Program Files\PuTTY\;C:\Program Files (x86)\Pulse Secure\VC142.CRT\X64\;C:\Program Files (x86)\Pulse Secure\VC142.CRT\X86\;C:\Program Files (x86)\Common Files\Pulse Secure\VC142.CRT\X64\;C:\Program Files (x86)\Common Files\Pulse Secure\VC142.CRT\X86\;C:\Vodafone\Softwares\jdk-11.0.8_windows-x64_bin\jdk-11.0.8\bin;C:\Users\pavithra.hanumegowda\AppData\Local\Programs\Git\cmd;;C:\Users\pavithra.hanumegowda\AppData\Local\Programs\Fiddler;."/>
    <property name="maven.conf" value="C:\Vodafone\Softwares\Apache-maven\apache-maven-3.6.3\bin\../conf"/>
    <property name="jdk.debug" value="release"/>
    <property name="java.class.version" value="55.0"/>
    <property name="java.specification.name" value="Java Platform API Specification"/>
    <property name="sun.management.compiler" value="HotSpot 64-Bit Tiered Compilers"/>
    <property name="os.version" value="10.0"/>
    <property name="library.jansi.path" value="C:\Vodafone\Softwares\Apache-maven\apache-maven-3.6.3\bin\..\lib\jansi-native"/>
    <property name="user.home" value="C:\Users\pavithra.hanumegowda"/>
    <property name="user.timezone" value="Europe/Helsinki"/>
    <property name="java.awt.printerjob" value="sun.awt.windows.WPrinterJob"/>
    <property name="file.encoding" value="Cp1252"/>
    <property name="java.specification.version" value="11"/>
    <property name="user.name" value="pavithra.hanumegowda"/>
    <property name="java.class.path" value="C:\Vodafone\Softwares\Apache-maven\apache-maven-3.6.3\bin\..\boot\plexus-classworlds-2.6.0.jar"/>
    <property name="java.vm.specification.version" value="11"/>
    <property name="sun.arch.data.model" value="64"/>
    <property name="sun.java.command" value="org.codehaus.plexus.classworlds.launcher.Launcher clean install"/>
    <property name="java.home" value="C:\Vodafone\Softwares\jdk-11.0.8_windows-x64_bin\jdk-11.0.8"/>
    <property name="user.language" value="en"/>
    <property name="java.specification.vendor" value="Oracle Corporation"/>
    <property name="awt.toolkit" value="sun.awt.windows.WToolkit"/>
    <property name="java.vm.info" value="mixed mode"/>
    <property name="java.version" value="11.0.8"/>
    <property name="java.vendor" value="Oracle Corporation"/>
    <property name="sun.stderr.encoding" value="cp437"/>
    <property name="maven.home" value="C:\Vodafone\Softwares\Apache-maven\apache-maven-3.6.3\bin\.."/>
    <property name="file.separator" value="\"/>
    <property name="java.version.date" value="2020-07-14"/>
    <property name="java.vendor.url.bug" value="https://bugreport.java.com/bugreport/"/>
    <property name="sun.io.unicode.encoding" value="UnicodeLittle"/>
    <property name="sun.cpu.endian" value="little"/>
    <property name="java.vendor.version" value="18.9"/>
    <property name="sun.stdout.encoding" value="cp437"/>
    <property name="sun.desktop" value="windows"/>
    <property name="sun.cpu.isalist" value="amd64"/>
  </properties>
  <testcase classname="Everything about your Pets" name="Uploads pet image using petId" time="2.756"/>
  <testcase classname="Everything about your Pets" name="Uploads pet image using petId" time="0.751"/>
  <testcase classname="Everything about your Pets" name="Add a new pet to the store" time="1.362"/>
  <testcase classname="Everything about your Pets" name="Add a new pet to the store with not enough info" time="0.683"/>
  <testcase classname="Everything about your Pets" name="update an existing pet information" time="0.628"/>
  <testcase classname="Everything about your Pets" name="update an existing pet with wrong information" time="0.621"/>
  <testcase classname="Everything about your Pets" name="customer finds Pets by status" time="0.632"/>
  <testcase classname="Everything about your Pets" name="customer finds Pets by status" time="0.616"/>
  <testcase classname="Everything about your Pets" name="customer finds Pets by status" time="0.622"/>
  <testcase classname="Everything about your Pets" name="Find pet info by id" time="1.293"/>
  <testcase classname="Everything about your Pets" name="Find pet info by incorrect id" time="1.255"/>
  <testcase classname="Everything about your Pets" name="updates a pet in store with some data" time="0.618"/>
  <testcase classname="Everything about your Pets" name="updates a pet in store with some data" time="0.654"/>
  <testcase classname="Everything about your Pets" name="delete a pet information" time="0.661"/>
  <testcase classname="Everything about your Pets" name="delete a pet information" time="0.66"/>
  <testcase classname="Everything about your Pets" name="delete a pet information" time="0.614"/>
</testsuite>